#
# A fatal error has been detected by the Java Runtime Environment:
#
#  SIGBUS (0xa) at pc=0x00000001047f39df, pid=89061, tid=0x0000000000005d03
#
# JRE version: OpenJDK Runtime Environment (8.0_265-b01) (build 1.8.0_265-b01)
# Java VM: OpenJDK 64-Bit Server VM (25.265-b01 mixed mode bsd-amd64 compressed oops)
# Problematic frame:
# C  [libzip.dylib+0x39df]  newEntry+0x5d
#
# Failed to write core dump. Core dumps have been disabled. To enable core dumping, try "ulimit -c unlimited" before starting Java again
#
# If you would like to submit a bug report, please visit:
#   http://bugreport.java.com/bugreport/crash.jsp
# The crash happened outside the Java Virtual Machine in native code.
# See problematic frame for where to report the bug.
#

---------------  T H R E A D  ---------------

Current thread (0x00007fc817907000):  JavaThread "qtp1705494105-15" [_thread_in_native, id=23811, stack(0x000070000455f000,0x000070000465f000)]

siginfo: si_signo: 10 (SIGBUS), si_code: 2 (BUS_ADRERR), si_addr: 0x000000010e7db75f

Registers:
RAX=0x0000000000000000, RBX=0x0000000000000000, RCX=0x0000000000000000, RDX=0x00007fc815900000
RSP=0x000070000465bbb0, RBP=0x000070000465bc40, RSI=0x0000000000000040, RDI=0x00000000000005e7
R8 =0x0000000000005e62, R9 =0x0000000000005e66, R10=0x00000000ffffffc3, R11=0x00007fc815970730
R12=0x00007fc815962690, R13=0x000000010e7db743, R14=0x00007fc81500b160, R15=0x00007fc813f0f3e0
RIP=0x00000001047f39df, EFLAGS=0x0000000000010202, ERR=0x0000000000000004
  TRAPNO=0x000000000000000e

Top of Stack: (sp=0x000070000465bbb0)
0x000070000465bbb0:   00007fc815b32510 00007fc815b32550
0x000070000465bbc0:   00007fc815b325b0 00007fc815b32638
0x000070000465bbd0:   00000000000000d8 000070000465c3d8
0x000070000465bbe0:   000070000465bbf0 0000000108d707e9
0x000070000465bbf0:   000000000465bc20 0000000108c63364
0x000070000465bc00:   0000000108f309f8 00007fc813f0f510
0x000070000465bc10:   00007fc813f0f3e0 000000003740d9d8
0x000070000465bc20:   00007fc81500aa00 00007fc813e2ca40
0x000070000465bc30:   0000000000000760 000070000465bcb0
0x000070000465bc40:   000070000465bc90 00000001047f38a1
0x000070000465bc50:   0000000000000031 000000010465bcb0
0x000070000465bc60:   00007fc813f0f3e0 0000000000000031
0x000070000465bc70:   000070000465c108 00007fc817907250
0x000070000465bc80:   000070000465bcb0 00007fc813f0f3e0
0x000070000465bc90:   000070000465c0f0 00000001047f2239
0x000070000465bca0:   00000001134ae45f 000000010465bf88
0x000070000465bcb0:   636361762f67726f 6361706d69656e69
0x000070000465bcc0:   6c726564726f2f74 2f62642f62657779
0x000070000465bcd0:   746e6f43716f6f4a 73616c632e747865
0x000070000465bce0:   0000700004650073 0000000000000000
0x000070000465bcf0:   000070000465be50 0000000108af9cb3
0x000070000465bd00:   000070000465c090 000000010c0eb3d8
0x000070000465bd10:   00007fc818036970 0000000008dc1702
0x000070000465bd20:   000070000465c0b0 0000000000000000
0x000070000465bd30:   0000000000000000 000000010c0eb3d8
0x000070000465bd40:   00007fc817907000 00007fc815b324e0
0x000070000465bd50:   00007fc813e1a8a0 00007fc813e1a8b0
0x000070000465bd60:   00007fc813e1ac88 00000000000003d8
0x000070000465bd70:   00007fc817907250 00007fc815b325a8
0x000070000465bd80:   000000010c0eb3d8 00007fc817907000
0x000070000465bd90:   000000010c0eb3d8 00007fc817907000
0x000070000465bda0:   000070000465be70 000000010c0eb3d8 

Instructions: (pc=0x00000001047f39df)
0x00000001047f39bf:   24 28 41 80 7f 30 00 89 5d b4 0f 84 f3 00 00 00
0x00000001047f39cf:   4d 8b 6f 18 4d 03 6e 08 4d 2b 6f 28 4c 89 7d d0
0x00000001047f39df:   41 0f b6 45 1c 45 0f b6 75 1d 49 c1 e6 08 49 09
0x00000001047f39ef:   c6 41 0f b6 45 1e 48 89 45 b8 41 0f b6 45 1f 48 

Register to memory mapping:

RAX=0x0000000000000000 is an unknown value
RBX=0x0000000000000000 is an unknown value
RCX=0x0000000000000000 is an unknown value
RDX=0x00007fc815900000 is an unknown value
RSP=0x000070000465bbb0 is pointing into the stack for thread: 0x00007fc817907000
RBP=0x000070000465bc40 is pointing into the stack for thread: 0x00007fc817907000
RSI=0x0000000000000040 is an unknown value
RDI=0x00000000000005e7 is an unknown value
R8 =0x0000000000005e62 is an unknown value
R9 =0x0000000000005e66 is an unknown value
R10=0x00000000ffffffc3 is an unknown value
R11=0x00007fc815970730 is an unknown value
R12=0x00007fc815962690 is an unknown value
R13=0x000000010e7db743 is an unknown value
R14=0x00007fc81500b160 is an unknown value
R15=0x00007fc813f0f3e0 is an unknown value


Stack: [0x000070000455f000,0x000070000465f000],  sp=0x000070000465bbb0,  free space=1010k
Native frames: (J=compiled Java code, j=interpreted, Vv=VM code, C=native code)
C  [libzip.dylib+0x39df]  newEntry+0x5d
C  [libzip.dylib+0x38a1]  ZIP_GetEntry2+0x101
C  [libzip.dylib+0x2239]  Java_java_util_zip_ZipFile_getEntry+0x94
J 112  java.util.zip.ZipFile.getEntry(J[BZ)J (0 bytes) @ 0x00000001135f328e [0x00000001135f31c0+0xce]
J 554 C2 java.util.jar.JarFile.getEntry(Ljava/lang/String;)Ljava/util/zip/ZipEntry; (22 bytes) @ 0x0000000113732790 [0x0000000113732420+0x370]
J 1111 C2 sun.misc.URLClassPath$JarLoader.getResource(Ljava/lang/String;Z)Lsun/misc/Resource; (85 bytes) @ 0x00000001138871f4 [0x00000001138870c0+0x134]
J 598 C2 sun.misc.URLClassPath.getResource(Ljava/lang/String;Z)Lsun/misc/Resource; (83 bytes) @ 0x000000011375447c [0x00000001137543a0+0xdc]
J 446 C1 java.net.URLClassLoader$1.run()Ljava/lang/Class; (63 bytes) @ 0x00000001136c2bec [0x00000001136c29e0+0x20c]
J 445 C1 java.net.URLClassLoader$1.run()Ljava/lang/Object; (5 bytes) @ 0x00000001136c14cc [0x00000001136c1440+0x8c]
v  ~StubRoutines::call_stub
V  [libjvm.dylib+0x2c7e0f]  JavaCalls::call_helper(JavaValue*, methodHandle*, JavaCallArguments*, Thread*)+0x691
V  [libjvm.dylib+0x334bc9]  JVM_DoPrivileged+0x66d
J 185  java.security.AccessController.doPrivileged(Ljava/security/PrivilegedExceptionAction;Ljava/security/AccessControlContext;)Ljava/lang/Object; (0 bytes) @ 0x000000011361dbd5 [0x000000011361db00+0xd5]
J 261 C1 java.net.URLClassLoader.findClass(Ljava/lang/String;)Ljava/lang/Class; (47 bytes) @ 0x000000011365e154 [0x000000011365dfc0+0x194]
J 232 C1 java.lang.ClassLoader.loadClass(Ljava/lang/String;Z)Ljava/lang/Class; (122 bytes) @ 0x0000000113639fa4 [0x0000000113639640+0x964]
J 279 C1 sun.misc.Launcher$AppClassLoader.loadClass(Ljava/lang/String;Z)Ljava/lang/Class; (85 bytes) @ 0x000000011366c424 [0x000000011366ba80+0x9a4]
J 276 C1 java.lang.ClassLoader.loadClass(Ljava/lang/String;)Ljava/lang/Class; (7 bytes) @ 0x00000001136675c4 [0x00000001136674c0+0x104]
v  ~StubRoutines::call_stub
V  [libjvm.dylib+0x2c7e0f]  JavaCalls::call_helper(JavaValue*, methodHandle*, JavaCallArguments*, Thread*)+0x691
V  [libjvm.dylib+0x2c6c5b]  JavaCalls::call_virtual(JavaValue*, KlassHandle, Symbol*, Symbol*, JavaCallArguments*, Thread*)+0x145
V  [libjvm.dylib+0x2c6eba]  JavaCalls::call_virtual(JavaValue*, Handle, KlassHandle, Symbol*, Symbol*, Handle, Thread*)+0x64
V  [libjvm.dylib+0x534541]  SystemDictionary::load_instance_class(Symbol*, Handle, Thread*)+0x2cd
V  [libjvm.dylib+0x533712]  SystemDictionary::resolve_instance_class_or_null(Symbol*, Handle, Handle, Thread*)+0x574
V  [libjvm.dylib+0x532e03]  SystemDictionary::resolve_or_fail(Symbol*, Handle, Handle, bool, Thread*)+0x1b
V  [libjvm.dylib+0x1cb353]  ConstantPool::klass_at_impl(constantPoolHandle, int, Thread*)+0x2b5
V  [libjvm.dylib+0x1cc1e2]  ConstantPool::klass_at(int, Thread*)+0x92
V  [libjvm.dylib+0x2bf97d]  InterpreterRuntime::_new(JavaThread*, ConstantPool*, int)+0x2d
j  org.vaccineimpact.orderlyweb.db.repositories.OrderlyUserRepository.addUser(Ljava/lang/String;Ljava/lang/String;Ljava/lang/String;Lorg/vaccineimpact/orderlyweb/models/UserSource;)V+39
j  org.vaccineimpact.orderlyweb.security.authentication.MontaguAuthenticator.validate(Ljava/lang/String;)Ljava/lang/String;+95
j  org.vaccineimpact.orderlyweb.security.authentication.MontaguAuthenticator.validate(Lorg/pac4j/core/credentials/TokenCredentials;Lorg/pac4j/core/context/WebContext;)V+50
j  org.vaccineimpact.orderlyweb.security.authentication.MontaguAuthenticator.validate(Lorg/pac4j/core/credentials/Credentials;Lorg/pac4j/core/context/WebContext;)V+6
j  org.pac4j.core.client.BaseClient.retrieveCredentials(Lorg/pac4j/core/context/WebContext;)Lorg/pac4j/core/credentials/Credentials;+27
j  org.pac4j.core.client.IndirectClient.getCredentials(Lorg/pac4j/core/context/WebContext;)Lorg/pac4j/core/credentials/Credentials;+6
j  org.pac4j.core.engine.DefaultCallbackLogic.perform(Lorg/pac4j/core/context/WebContext;Lorg/pac4j/core/config/Config;Lorg/pac4j/core/http/adapter/HttpActionAdapter;Ljava/lang/String;Ljava/lang/Boolean;Ljava/lang/Boolean;Ljava/lang/Boolean;Ljava/lang/String;)Ljava/lang/Object;+206
j  org.pac4j.sparkjava.CallbackRoute.handle(Lspark/Request;Lspark/Response;)Ljava/lang/Object;+71
j  spark.RouteImpl$1.handle(Lspark/Request;Lspark/Response;)Ljava/lang/Object;+6
j  spark.http.matching.Routes.execute(Lspark/http/matching/RouteContext;)V+171
j  spark.http.matching.MatcherFilter.doFilter(Ljavax/servlet/ServletRequest;Ljavax/servlet/ServletResponse;Ljavax/servlet/FilterChain;)V+154
j  spark.embeddedserver.jetty.JettyHandler.doHandle(Ljava/lang/String;Lorg/eclipse/jetty/server/Request;Ljavax/servlet/http/HttpServletRequest;Ljavax/servlet/http/HttpServletResponse;)V+19
j  org.eclipse.jetty.server.session.SessionHandler.doScope(Ljava/lang/String;Lorg/eclipse/jetty/server/Request;Ljavax/servlet/http/HttpServletRequest;Ljavax/servlet/http/HttpServletResponse;)V+240
j  org.eclipse.jetty.server.handler.ScopedHandler.handle(Ljava/lang/String;Lorg/eclipse/jetty/server/Request;Ljavax/servlet/http/HttpServletRequest;Ljavax/servlet/http/HttpServletResponse;)V+20
j  org.eclipse.jetty.server.handler.HandlerWrapper.handle(Ljava/lang/String;Lorg/eclipse/jetty/server/Request;Ljavax/servlet/http/HttpServletRequest;Ljavax/servlet/http/HttpServletResponse;)V+18
j  org.eclipse.jetty.server.Server.handle(Lorg/eclipse/jetty/server/HttpChannel;)V+141
j  org.eclipse.jetty.server.HttpChannel.handle()Z+325
j  org.eclipse.jetty.server.HttpConnection.onFillable()V+140
j  org.eclipse.jetty.io.AbstractConnection$ReadCallback.succeeded()V+4
j  org.eclipse.jetty.io.FillInterest.fillable()V+57
j  org.eclipse.jetty.io.ChannelEndPoint$2.run()V+7
j  org.eclipse.jetty.util.thread.strategy.EatWhatYouKill.doProduce()Z+395
j  org.eclipse.jetty.util.thread.strategy.EatWhatYouKill.produce()V+47
j  org.eclipse.jetty.util.thread.strategy.EatWhatYouKill.run()V+30
j  org.eclipse.jetty.util.thread.ReservedThreadExecutor$ReservedThread.run()V+203
j  org.eclipse.jetty.util.thread.QueuedThreadPool.runJob(Ljava/lang/Runnable;)V+1
j  org.eclipse.jetty.util.thread.QueuedThreadPool$2.run()V+104
j  java.lang.Thread.run()V+11
v  ~StubRoutines::call_stub
V  [libjvm.dylib+0x2c7e0f]  JavaCalls::call_helper(JavaValue*, methodHandle*, JavaCallArguments*, Thread*)+0x691
V  [libjvm.dylib+0x2c6c5b]  JavaCalls::call_virtual(JavaValue*, KlassHandle, Symbol*, Symbol*, JavaCallArguments*, Thread*)+0x145
V  [libjvm.dylib+0x2c6e37]  JavaCalls::call_virtual(JavaValue*, Handle, KlassHandle, Symbol*, Symbol*, Thread*)+0x57
V  [libjvm.dylib+0x33e001]  thread_entry(JavaThread*, Thread*)+0x78
V  [libjvm.dylib+0x559256]  JavaThread::thread_main_inner()+0x82
V  [libjvm.dylib+0x55911b]  JavaThread::run()+0x169
V  [libjvm.dylib+0x487e8f]  java_start(Thread*)+0xfa
C  [libsystem_pthread.dylib+0x6950]  _pthread_start+0xe0
C  [libsystem_pthread.dylib+0x247b]  thread_start+0xf
C  0x0000000000000000

Java frames: (J=compiled Java code, j=interpreted, Vv=VM code)
J 112  java.util.zip.ZipFile.getEntry(J[BZ)J (0 bytes) @ 0x00000001135f3218 [0x00000001135f31c0+0x58]
J 554 C2 java.util.jar.JarFile.getEntry(Ljava/lang/String;)Ljava/util/zip/ZipEntry; (22 bytes) @ 0x0000000113732790 [0x0000000113732420+0x370]
J 1111 C2 sun.misc.URLClassPath$JarLoader.getResource(Ljava/lang/String;Z)Lsun/misc/Resource; (85 bytes) @ 0x00000001138871f4 [0x00000001138870c0+0x134]
J 598 C2 sun.misc.URLClassPath.getResource(Ljava/lang/String;Z)Lsun/misc/Resource; (83 bytes) @ 0x000000011375447c [0x00000001137543a0+0xdc]
J 446 C1 java.net.URLClassLoader$1.run()Ljava/lang/Class; (63 bytes) @ 0x00000001136c2bec [0x00000001136c29e0+0x20c]
J 445 C1 java.net.URLClassLoader$1.run()Ljava/lang/Object; (5 bytes) @ 0x00000001136c14cc [0x00000001136c1440+0x8c]
v  ~StubRoutines::call_stub
J 185  java.security.AccessController.doPrivileged(Ljava/security/PrivilegedExceptionAction;Ljava/security/AccessControlContext;)Ljava/lang/Object; (0 bytes) @ 0x000000011361db63 [0x000000011361db00+0x63]
J 261 C1 java.net.URLClassLoader.findClass(Ljava/lang/String;)Ljava/lang/Class; (47 bytes) @ 0x000000011365e154 [0x000000011365dfc0+0x194]
J 232 C1 java.lang.ClassLoader.loadClass(Ljava/lang/String;Z)Ljava/lang/Class; (122 bytes) @ 0x0000000113639fa4 [0x0000000113639640+0x964]
J 279 C1 sun.misc.Launcher$AppClassLoader.loadClass(Ljava/lang/String;Z)Ljava/lang/Class; (85 bytes) @ 0x000000011366c424 [0x000000011366ba80+0x9a4]
J 276 C1 java.lang.ClassLoader.loadClass(Ljava/lang/String;)Ljava/lang/Class; (7 bytes) @ 0x00000001136675c4 [0x00000001136674c0+0x104]
v  ~StubRoutines::call_stub
j  org.vaccineimpact.orderlyweb.db.repositories.OrderlyUserRepository.addUser(Ljava/lang/String;Ljava/lang/String;Ljava/lang/String;Lorg/vaccineimpact/orderlyweb/models/UserSource;)V+39
j  org.vaccineimpact.orderlyweb.security.authentication.MontaguAuthenticator.validate(Ljava/lang/String;)Ljava/lang/String;+95
j  org.vaccineimpact.orderlyweb.security.authentication.MontaguAuthenticator.validate(Lorg/pac4j/core/credentials/TokenCredentials;Lorg/pac4j/core/context/WebContext;)V+50
j  org.vaccineimpact.orderlyweb.security.authentication.MontaguAuthenticator.validate(Lorg/pac4j/core/credentials/Credentials;Lorg/pac4j/core/context/WebContext;)V+6
j  org.pac4j.core.client.BaseClient.retrieveCredentials(Lorg/pac4j/core/context/WebContext;)Lorg/pac4j/core/credentials/Credentials;+27
j  org.pac4j.core.client.IndirectClient.getCredentials(Lorg/pac4j/core/context/WebContext;)Lorg/pac4j/core/credentials/Credentials;+6
j  org.pac4j.core.engine.DefaultCallbackLogic.perform(Lorg/pac4j/core/context/WebContext;Lorg/pac4j/core/config/Config;Lorg/pac4j/core/http/adapter/HttpActionAdapter;Ljava/lang/String;Ljava/lang/Boolean;Ljava/lang/Boolean;Ljava/lang/Boolean;Ljava/lang/String;)Ljava/lang/Object;+206
j  org.pac4j.sparkjava.CallbackRoute.handle(Lspark/Request;Lspark/Response;)Ljava/lang/Object;+71
j  spark.RouteImpl$1.handle(Lspark/Request;Lspark/Response;)Ljava/lang/Object;+6
j  spark.http.matching.Routes.execute(Lspark/http/matching/RouteContext;)V+171
j  spark.http.matching.MatcherFilter.doFilter(Ljavax/servlet/ServletRequest;Ljavax/servlet/ServletResponse;Ljavax/servlet/FilterChain;)V+154
j  spark.embeddedserver.jetty.JettyHandler.doHandle(Ljava/lang/String;Lorg/eclipse/jetty/server/Request;Ljavax/servlet/http/HttpServletRequest;Ljavax/servlet/http/HttpServletResponse;)V+19
j  org.eclipse.jetty.server.session.SessionHandler.doScope(Ljava/lang/String;Lorg/eclipse/jetty/server/Request;Ljavax/servlet/http/HttpServletRequest;Ljavax/servlet/http/HttpServletResponse;)V+240
j  org.eclipse.jetty.server.handler.ScopedHandler.handle(Ljava/lang/String;Lorg/eclipse/jetty/server/Request;Ljavax/servlet/http/HttpServletRequest;Ljavax/servlet/http/HttpServletResponse;)V+20
j  org.eclipse.jetty.server.handler.HandlerWrapper.handle(Ljava/lang/String;Lorg/eclipse/jetty/server/Request;Ljavax/servlet/http/HttpServletRequest;Ljavax/servlet/http/HttpServletResponse;)V+18
j  org.eclipse.jetty.server.Server.handle(Lorg/eclipse/jetty/server/HttpChannel;)V+141
j  org.eclipse.jetty.server.HttpChannel.handle()Z+325
j  org.eclipse.jetty.server.HttpConnection.onFillable()V+140
j  org.eclipse.jetty.io.AbstractConnection$ReadCallback.succeeded()V+4
j  org.eclipse.jetty.io.FillInterest.fillable()V+57
j  org.eclipse.jetty.io.ChannelEndPoint$2.run()V+7
j  org.eclipse.jetty.util.thread.strategy.EatWhatYouKill.doProduce()Z+395
j  org.eclipse.jetty.util.thread.strategy.EatWhatYouKill.produce()V+47
j  org.eclipse.jetty.util.thread.strategy.EatWhatYouKill.run()V+30
j  org.eclipse.jetty.util.thread.ReservedThreadExecutor$ReservedThread.run()V+203
j  org.eclipse.jetty.util.thread.QueuedThreadPool.runJob(Ljava/lang/Runnable;)V+1
j  org.eclipse.jetty.util.thread.QueuedThreadPool$2.run()V+104
j  java.lang.Thread.run()V+11
v  ~StubRoutines::call_stub

---------------  P R O C E S S  ---------------

Java Threads: ( => current thread )
  0x00007fc81781d000 JavaThread "OkHttp TaskRunner" daemon [_thread_blocked, id=25091, stack(0x0000700004e7a000,0x0000700004f7a000)]
  0x00007fc816090000 JavaThread "Okio Watchdog" daemon [_thread_blocked, id=24835, stack(0x0000700004d77000,0x0000700004e77000)]
  0x00007fc814ab9000 JavaThread "OkHttp TaskRunner" daemon [_thread_blocked, id=13323, stack(0x0000700004c74000,0x0000700004d74000)]
  0x00007fc817123000 JavaThread "Scheduler-1809758681" [_thread_blocked, id=18439, stack(0x0000700004b71000,0x0000700004c71000)]
  0x00007fc8151b1000 JavaThread "DestroyJavaVM" [_thread_blocked, id=10499, stack(0x0000700002d14000,0x0000700002e14000)]
  0x00007fc814a6f000 JavaThread "Scheduler-1415372348" [_thread_blocked, id=39939, stack(0x0000700004a6e000,0x0000700004b6e000)]
  0x00007fc815190000 JavaThread "qtp1705494105-19" [_thread_in_native, id=40451, stack(0x000070000496b000,0x0000700004a6b000)]
  0x00007fc81518f800 JavaThread "qtp1705494105-18" [_thread_blocked, id=40963, stack(0x0000700004868000,0x0000700004968000)]
  0x00007fc81518e800 JavaThread "qtp1705494105-17" [_thread_in_native, id=24323, stack(0x0000700004765000,0x0000700004865000)]
  0x00007fc8150c1800 JavaThread "qtp1705494105-16" [_thread_blocked, id=41731, stack(0x0000700004662000,0x0000700004762000)]
=>0x00007fc817907000 JavaThread "qtp1705494105-15" [_thread_in_native, id=23811, stack(0x000070000455f000,0x000070000465f000)]
  0x00007fc814136800 JavaThread "qtp1705494105-14-acceptor-0@7b13ac66-ServerConnector@266e304f{HTTP/1.1,[http/1.1]}{0.0.0.0:8888}" [_thread_in_native, id=23555, stack(0x000070000445c000,0x000070000455c000)]
  0x00007fc8150c0800 JavaThread "qtp1705494105-13" [_thread_in_native, id=42243, stack(0x0000700004359000,0x0000700004459000)]
  0x00007fc817906000 JavaThread "qtp1705494105-12" [_thread_in_native, id=42499, stack(0x0000700004256000,0x0000700004356000)]
  0x00007fc82017a800 JavaThread "Thread-1" [_thread_blocked, id=22531, stack(0x0000700004153000,0x0000700004253000)]
  0x00007fc816008800 JavaThread "Service Thread" daemon [_thread_blocked, id=22019, stack(0x0000700003f4d000,0x000070000404d000)]
  0x00007fc817008800 JavaThread "C1 CompilerThread3" daemon [_thread_blocked, id=21763, stack(0x0000700003e4a000,0x0000700003f4a000)]
  0x00007fc814014000 JavaThread "C2 CompilerThread2" daemon [_thread_blocked, id=16131, stack(0x0000700003d47000,0x0000700003e47000)]
  0x00007fc814840000 JavaThread "C2 CompilerThread1" daemon [_thread_in_native, id=15619, stack(0x0000700003c44000,0x0000700003d44000)]
  0x00007fc81681c800 JavaThread "C2 CompilerThread0" daemon [_thread_blocked, id=15107, stack(0x0000700003b41000,0x0000700003c41000)]
  0x00007fc817815000 JavaThread "Signal Dispatcher" daemon [_thread_blocked, id=16643, stack(0x0000700003a3e000,0x0000700003b3e000)]
  0x00007fc815018000 JavaThread "Finalizer" daemon [_thread_blocked, id=19203, stack(0x0000700003835000,0x0000700003935000)]
  0x00007fc814825000 JavaThread "Reference Handler" daemon [_thread_blocked, id=19715, stack(0x0000700003732000,0x0000700003832000)]

Other Threads:
  0x00007fc81780f000 VMThread [stack: 0x000070000362f000,0x000070000372f000] [id=19971]
  0x00007fc814840800 WatcherThread [stack: 0x0000700004050000,0x0000700004150000] [id=22275]

VM state:not at safepoint (normal execution)

VM Mutex/Monitor currently owned by a thread: None

heap address: 0x00000005c0000000, size: 8192 MB, Compressed Oops mode: Zero based, Oop shift amount: 3
Narrow klass base: 0x0000000000000000, Narrow klass shift: 3
Compressed class space size: 1073741824 Address: 0x00000007c0000000

Heap:
 PSYoungGen      total 153088K, used 94755K [0x0000000715580000, 0x0000000720000000, 0x00000007c0000000)
  eden space 131584K, 72% used [0x0000000715580000,0x000000071b208f30,0x000000071d600000)
  from space 21504K, 0% used [0x000000071eb00000,0x000000071eb00000,0x0000000720000000)
  to   space 21504K, 0% used [0x000000071d600000,0x000000071d600000,0x000000071eb00000)
 ParOldGen       total 349696K, used 0K [0x00000005c0000000, 0x00000005d5580000, 0x0000000715580000)
  object space 349696K, 0% used [0x00000005c0000000,0x00000005c0000000,0x00000005d5580000)
 Metaspace       used 17148K, capacity 17466K, committed 17792K, reserved 1064960K
  class space    used 1970K, capacity 2077K, committed 2176K, reserved 1048576K

Card table byte_map: [0x000000010959b000,0x000000010a59c000] byte_map_base: 0x000000010679b000

Marking Bits: (ParMarkBitMap*) 0x0000000108f0edc8
 Begin Bits: [0x00000001224ae000, 0x000000012a4ae000)
 End Bits:   [0x000000012a4ae000, 0x00000001324ae000)

Polling page: 0x00000001047a6000

CodeCache: size=245760Kb used=4045Kb max_used=4056Kb free=241714Kb
 bounds [0x00000001134ae000, 0x00000001138ae000, 0x00000001224ae000]
 total_blobs=1627 nmethods=1183 adapters=357
 compilation: enabled

Compilation events (10 events):
Event: 1614.104 Thread 0x00007fc817008800 1181       3       jdk.internal.org.objectweb.asm.MethodVisitor::<init> (35 bytes)
Event: 1614.104 Thread 0x00007fc81681c800 nmethod 1176 0x00000001138a3d10 code [0x00000001138a3e80, 0x00000001138a3fc8]
Event: 1614.104 Thread 0x00007fc817008800 nmethod 1181 0x00000001138a33d0 code [0x00000001138a3560, 0x00000001138a3868]
Event: 1614.104 Thread 0x00007fc817008800 1182       3       java.lang.StringBuffer::<init> (7 bytes)
Event: 1614.104 Thread 0x00007fc817008800 nmethod 1182 0x00000001138a2e90 code [0x00000001138a3000, 0x00000001138a32b0]
Event: 1614.104 Thread 0x00007fc814014000 nmethod 1180 0x00000001138a1710 code [0x00000001138a1860, 0x00000001138a1918]
Event: 1614.106 Thread 0x00007fc81681c800 1183       4       java.util.HashMap::put (13 bytes)
Event: 1614.106 Thread 0x00007fc81681c800 nmethod 1183 0x00000001138a1390 code [0x00000001138a14e0, 0x00000001138a1608]
Event: 1614.107 Thread 0x00007fc814014000 1184       4       java.lang.AbstractStringBuilder::<init> (12 bytes)
Event: 1614.108 Thread 0x00007fc814014000 nmethod 1184 0x00000001138a2750 code [0x00000001138a28a0, 0x00000001138a29d8]

GC Heap History (0 events):
No events

Deoptimization events (10 events):
Event: 1613.989 Thread 0x00007fc8150c1800 Uncommon trap: reason=unstable_if action=reinterpret pc=0x00000001137fe9f0 method=java.util.HashMap.getNode(ILjava/lang/Object;)Ljava/util/HashMap$Node; @ 62
Event: 1613.989 Thread 0x00007fc8150c1800 Uncommon trap: reason=class_check action=maybe_recompile pc=0x000000011385585c method=java.util.HashMap.putVal(ILjava/lang/Object;Ljava/lang/Object;ZZ)Ljava/lang/Object; @ 91
Event: 1613.989 Thread 0x00007fc8150c1800 Uncommon trap: reason=class_check action=maybe_recompile pc=0x000000011385585c method=java.util.HashMap.putVal(ILjava/lang/Object;Ljava/lang/Object;ZZ)Ljava/lang/Object; @ 91
Event: 1613.990 Thread 0x00007fc8150c1800 Uncommon trap: reason=class_check action=maybe_recompile pc=0x000000011385585c method=java.util.HashMap.putVal(ILjava/lang/Object;Ljava/lang/Object;ZZ)Ljava/lang/Object; @ 91
Event: 1614.006 Thread 0x00007fc8150c1800 Uncommon trap: reason=bimorphic action=maybe_recompile pc=0x000000011385f1e0 method=java.util.regex.Pattern$BmpCharProperty.match(Ljava/util/regex/Matcher;ILjava/lang/CharSequence;)Z @ 31
Event: 1614.006 Thread 0x00007fc8150c1800 Uncommon trap: reason=bimorphic action=maybe_recompile pc=0x000000011385f1e0 method=java.util.regex.Pattern$BmpCharProperty.match(Ljava/util/regex/Matcher;ILjava/lang/CharSequence;)Z @ 31
Event: 1614.006 Thread 0x00007fc8150c1800 Uncommon trap: reason=bimorphic action=maybe_recompile pc=0x000000011385f1e0 method=java.util.regex.Pattern$BmpCharProperty.match(Ljava/util/regex/Matcher;ILjava/lang/CharSequence;)Z @ 31
Event: 1614.006 Thread 0x00007fc8150c1800 Uncommon trap: reason=bimorphic action=maybe_recompile pc=0x000000011385f1e0 method=java.util.regex.Pattern$BmpCharProperty.match(Ljava/util/regex/Matcher;ILjava/lang/CharSequence;)Z @ 31
Event: 1614.019 Thread 0x00007fc8150c1800 Uncommon trap: reason=unstable_if action=reinterpret pc=0x000000011387d42c method=java.util.concurrent.ConcurrentHashMap.putVal(Ljava/lang/Object;Ljava/lang/Object;Z)Ljava/lang/Object; @ 181
Event: 1614.106 Thread 0x00007fc817907000 Uncommon trap: reason=unstable_if action=reinterpret pc=0x00000001138a15b0 method=java.util.HashMap.hash(Ljava/lang/Object;)I @ 1

Classes redefined (0 events):
No events

Internal exceptions (10 events):
Event: 1613.701 Thread 0x00007fc8150c1800 Exception <a 'java/lang/ArrayIndexOutOfBoundsException'> (0x0000000719c2f7c8) thrown at [/Users/jenkins/workspace/build-scripts/jobs/jdk8u/jdk8u-mac-x64-hotspot/workspace/build/src/hotspot/src/share/vm/runtime/sharedRuntime.cpp, line 605]
Event: 1613.703 Thread 0x00007fc8150c1800 Exception <a 'java/lang/ArrayIndexOutOfBoundsException'> (0x0000000719c6cee0) thrown at [/Users/jenkins/workspace/build-scripts/jobs/jdk8u/jdk8u-mac-x64-hotspot/workspace/build/src/hotspot/src/share/vm/runtime/sharedRuntime.cpp, line 605]
Event: 1613.980 Thread 0x00007fc8150c1800 Exception <a 'java/lang/ArrayIndexOutOfBoundsException'> (0x000000071aa914e8) thrown at [/Users/jenkins/workspace/build-scripts/jobs/jdk8u/jdk8u-mac-x64-hotspot/workspace/build/src/hotspot/src/share/vm/runtime/sharedRuntime.cpp, line 605]
Event: 1613.998 Thread 0x00007fc8150c1800 Exception <a 'java/lang/ArrayIndexOutOfBoundsException'> (0x000000071ab24fc8) thrown at [/Users/jenkins/workspace/build-scripts/jobs/jdk8u/jdk8u-mac-x64-hotspot/workspace/build/src/hotspot/src/share/vm/runtime/sharedRuntime.cpp, line 605]
Event: 1613.999 Thread 0x00007fc8150c1800 Exception <a 'java/lang/ArrayIndexOutOfBoundsException'> (0x000000071ab2e5c8) thrown at [/Users/jenkins/workspace/build-scripts/jobs/jdk8u/jdk8u-mac-x64-hotspot/workspace/build/src/hotspot/src/share/vm/runtime/sharedRuntime.cpp, line 605]
Event: 1614.008 Thread 0x00007fc8150c1800 Exception <a 'java/lang/ArrayIndexOutOfBoundsException'> (0x000000071ab835a8) thrown at [/Users/jenkins/workspace/build-scripts/jobs/jdk8u/jdk8u-mac-x64-hotspot/workspace/build/src/hotspot/src/share/vm/runtime/sharedRuntime.cpp, line 605]
Event: 1614.008 Thread 0x00007fc8150c1800 Exception <a 'java/lang/ArrayIndexOutOfBoundsException'> (0x000000071ab84bf0) thrown at [/Users/jenkins/workspace/build-scripts/jobs/jdk8u/jdk8u-mac-x64-hotspot/workspace/build/src/hotspot/src/share/vm/runtime/sharedRuntime.cpp, line 605]
Event: 1614.008 Thread 0x00007fc8150c1800 Exception <a 'java/lang/ArrayIndexOutOfBoundsException'> (0x000000071ab85e30) thrown at [/Users/jenkins/workspace/build-scripts/jobs/jdk8u/jdk8u-mac-x64-hotspot/workspace/build/src/hotspot/src/share/vm/runtime/sharedRuntime.cpp, line 605]
Event: 1614.010 Thread 0x00007fc8150c1800 Exception <a 'java/lang/ArrayIndexOutOfBoundsException'> (0x000000071ab91d30) thrown at [/Users/jenkins/workspace/build-scripts/jobs/jdk8u/jdk8u-mac-x64-hotspot/workspace/build/src/hotspot/src/share/vm/runtime/sharedRuntime.cpp, line 605]
Event: 1614.106 Thread 0x00007fc817907000 Implicit null exception at 0x00000001138a1518 to 0x00000001138a15a6

Events (10 events):
Event: 1614.107 loading class java/time/format/DateTimePrintContext
Event: 1614.107 loading class java/time/format/DateTimePrintContext done
Event: 1614.108 loading class java/time/Instant$1
Event: 1614.108 loading class java/time/Instant$1 done
Event: 1614.108 loading class java/time/LocalDateTime
Event: 1614.108 loading class java/time/LocalDateTime done
Event: 1614.108 loading class java/time/LocalTime
Event: 1614.108 loading class java/time/LocalTime done
Event: 1614.108 loading class org/vaccineimpact/orderlyweb/db/JooqContext
Event: 1614.108 loading class org/vaccineimpact/orderlyweb/db/JooqContext done


Dynamic libraries:
0x00007fff34fe5000 	/System/Library/Frameworks/Cocoa.framework/Versions/A/Cocoa
0x00007fff22222000 	/System/Library/Frameworks/Security.framework/Versions/A/Security
0x00007fff331e4000 	/System/Library/Frameworks/ApplicationServices.framework/Versions/A/ApplicationServices
0x00007fff2a4a7000 	/usr/lib/libz.1.dylib
0x00007fff2a56f000 	/usr/lib/libSystem.B.dylib
0x00007fff203ea000 	/System/Library/Frameworks/CoreFoundation.framework/Versions/A/CoreFoundation
0x00007fff21197000 	/System/Library/Frameworks/Foundation.framework/Versions/C/Foundation
0x00007fff2020a000 	/usr/lib/libobjc.A.dylib
0x00007fff22c48000 	/System/Library/Frameworks/AppKit.framework/Versions/C/AppKit
0x00007fff25ade000 	/System/Library/Frameworks/CoreData.framework/Versions/A/CoreData
0x00007fff239ab000 	/System/Library/PrivateFrameworks/UIFoundation.framework/Versions/A/UIFoundation
0x00007fff2fbc8000 	/System/Library/PrivateFrameworks/RemoteViewServices.framework/Versions/A/RemoteViewServices
0x00007fff289d1000 	/System/Library/PrivateFrameworks/XCTTargetBootstrap.framework/Versions/A/XCTTargetBootstrap
0x00007fff2b6ae000 	/usr/lib/libspindump.dylib
0x00007fff23bff000 	/System/Library/Frameworks/UniformTypeIdentifiers.framework/Versions/A/UniformTypeIdentifiers
0x00007fff271a8000 	/usr/lib/libapp_launch_measurement.dylib
0x00007fff271ab000 	/System/Library/PrivateFrameworks/CoreAutoLayout.framework/Versions/A/CoreAutoLayout
0x00007fff28333000 	/System/Library/Frameworks/Metal.framework/Versions/A/Metal
0x00007fff29022000 	/usr/lib/liblangid.dylib
0x00007fff289d5000 	/System/Library/PrivateFrameworks/CoreSVG.framework/Versions/A/CoreSVG
0x00007fff24be6000 	/System/Library/PrivateFrameworks/SkyLight.framework/Versions/A/SkyLight
0x00007fff24f4c000 	/System/Library/Frameworks/CoreGraphics.framework/Versions/A/CoreGraphics
0x00007fff3021f000 	/System/Library/Frameworks/Accelerate.framework/Versions/A/Accelerate
0x00007fff2b0e9000 	/System/Library/PrivateFrameworks/IconServices.framework/Versions/A/IconServices
0x00007fff28318000 	/System/Library/Frameworks/IOSurface.framework/Versions/A/IOSurface
0x00007fff26467000 	/usr/lib/libDiagnosticMessagesClient.dylib
0x00007fff289bd000 	/System/Library/PrivateFrameworks/DFRFoundation.framework/Versions/A/DFRFoundation
0x00007fff22574000 	/usr/lib/libicucore.A.dylib
0x00007fff2cbf0000 	/System/Library/Frameworks/AudioToolbox.framework/Versions/A/AudioToolbox
0x00007fff2be96000 	/System/Library/PrivateFrameworks/DataDetectorsCore.framework/Versions/A/DataDetectorsCore
0x00007fff286bd000 	/System/Library/Frameworks/Carbon.framework/Versions/A/Frameworks/HIToolbox.framework/Versions/A/HIToolbox
0x00007fff26c00000 	/System/Library/Frameworks/QuartzCore.framework/Versions/A/QuartzCore
0x00007fff2fc04000 	/System/Library/Frameworks/Carbon.framework/Versions/A/Frameworks/SpeechRecognition.framework/Versions/A/SpeechRecognition
0x00007fff26f10000 	/System/Library/PrivateFrameworks/CoreUI.framework/Versions/A/CoreUI
0x00007fff21b7e000 	/System/Library/Frameworks/CoreAudio.framework/Versions/A/CoreAudio
0x00007fff26552000 	/System/Library/Frameworks/DiskArbitration.framework/Versions/A/DiskArbitration
0x00007fff2baa9000 	/System/Library/PrivateFrameworks/MultitouchSupport.framework/Versions/A/MultitouchSupport
0x00007fff2be8d000 	/System/Library/PrivateFrameworks/InternationalSupport.framework/Versions/A/InternationalSupport
0x00007fff24b5a000 	/usr/lib/libenergytrace.dylib
0x00007fff22b42000 	/System/Library/Frameworks/IOKit.framework/Versions/A/IOKit
0x00007fff2ff51000 	/System/Library/Frameworks/CoreServices.framework/Versions/A/CoreServices
0x00007fff2713e000 	/System/Library/PrivateFrameworks/PerformanceAnalysis.framework/Versions/A/PerformanceAnalysis
0x00007fff6c84e000 	/System/Library/Frameworks/OpenGL.framework/Versions/A/OpenGL
0x00007fff2bf12000 	/System/Library/PrivateFrameworks/UserActivity.framework/Versions/A/UserActivity
0x00007fff255e0000 	/System/Library/Frameworks/ColorSync.framework/Versions/A/ColorSync
0x00007fff28c39000 	/System/Library/Frameworks/CoreImage.framework/Versions/A/CoreImage
0x00007fff21995000 	/System/Library/Frameworks/CoreText.framework/Versions/A/CoreText
0x00007fff289ff000 	/System/Library/Frameworks/ImageIO.framework/Versions/A/ImageIO
0x00007fff2a575000 	/System/Library/PrivateFrameworks/SoftLinking.framework/Versions/A/SoftLinking
0x00007fff271f4000 	/usr/lib/libxml2.2.dylib
0x00007fff202cf000 	/usr/lib/libc++.1.dylib
0x00007fff2a7e7000 	/usr/lib/libcompression.dylib
0x00007fff24b5b000 	/usr/lib/libMobileGestalt.dylib
0x00007fff2bdc0000 	/System/Library/PrivateFrameworks/TextureIO.framework/Versions/A/TextureIO
0x00007fff2ae0c000 	/usr/lib/libate.dylib
0x00007fff2a569000 	/usr/lib/system/libcache.dylib
0x00007fff2a525000 	/usr/lib/system/libcommonCrypto.dylib
0x00007fff2a54f000 	/usr/lib/system/libcompiler_rt.dylib
0x00007fff2a544000 	/usr/lib/system/libcopyfile.dylib
0x00007fff200f9000 	/usr/lib/system/libcorecrypto.dylib
0x00007fff201c5000 	/usr/lib/system/libdispatch.dylib
0x00007fff20379000 	/usr/lib/system/libdyld.dylib
0x00007fff2a560000 	/usr/lib/system/libkeymgr.dylib
0x00007fff2d9a2000 	/usr/lib/system/liblaunch.dylib
0x00007fff2a503000 	/usr/lib/system/libmacho.dylib
0x00007fff29d1e000 	/usr/lib/system/libquarantine.dylib
0x00007fff2a55d000 	/usr/lib/system/libremovefile.dylib
0x00007fff24bb7000 	/usr/lib/system/libsystem_asl.dylib
0x00007fff200a9000 	/usr/lib/system/libsystem_blocks.dylib
0x00007fff20246000 	/usr/lib/system/libsystem_c.dylib
0x00007fff2a557000 	/usr/lib/system/libsystem_collections.dylib
0x00007fff29013000 	/usr/lib/system/libsystem_configuration.dylib
0x00007fff28307000 	/usr/lib/system/libsystem_containermanager.dylib
0x00007fff2a29f000 	/usr/lib/system/libsystem_coreservices.dylib
0x00007fff227d6000 	/usr/lib/system/libsystem_darwin.dylib
0x00007fff2a561000 	/usr/lib/system/libsystem_dnssd.dylib
0x00007fff20243000 	/usr/lib/system/libsystem_featureflags.dylib
0x00007fff203be000 	/usr/lib/system/libsystem_info.dylib
0x00007fff2a4ba000 	/usr/lib/system/libsystem_m.dylib
0x00007fff20198000 	/usr/lib/system/libsystem_malloc.dylib
0x00007fff24b4b000 	/usr/lib/system/libsystem_networkextension.dylib
0x00007fff22bf0000 	/usr/lib/system/libsystem_notify.dylib
0x00007fff2fe4f000 	/usr/lib/system/libsystem_product_info_filter.dylib
0x00007fff29017000 	/usr/lib/system/libsystem_sandbox.dylib
0x00007fff2a55a000 	/usr/lib/system/libsystem_secinit.dylib
0x00007fff2033e000 	/usr/lib/system/libsystem_kernel.dylib
0x00007fff203b4000 	/usr/lib/system/libsystem_platform.dylib
0x00007fff2036d000 	/usr/lib/system/libsystem_pthread.dylib
0x00007fff262b5000 	/usr/lib/system/libsystem_symptoms.dylib
0x00007fff200e1000 	/usr/lib/system/libsystem_trace.dylib
0x00007fff2a531000 	/usr/lib/system/libunwind.dylib
0x00007fff200ab000 	/usr/lib/system/libxpc.dylib
0x00007fff20325000 	/usr/lib/libc++abi.dylib
0x00007fff2a53c000 	/usr/lib/liboah.dylib
0x00007fff2abf2000 	/usr/lib/liblzma.5.dylib
0x00007fff20eab000 	/System/Library/Frameworks/SystemConfiguration.framework/Versions/A/SystemConfiguration
0x00007fff2a571000 	/usr/lib/libfakelink.dylib
0x00007fff246ad000 	/System/Library/Frameworks/CFNetwork.framework/Versions/A/CFNetwork
0x00007fff2a6b1000 	/usr/lib/libarchive.2.dylib
0x00007fff20f29000 	/usr/lib/libCRFSuite.dylib
0x00007fff29d45000 	/usr/lib/libbsm.0.dylib
0x00007fff24069000 	/usr/lib/libnetwork.dylib
0x00007fff2a576000 	/usr/lib/libpcap.A.dylib
0x00007fff262ae000 	/usr/lib/libdns_services.dylib
0x00007fff2ac0b000 	/usr/lib/libcoretls_cfhelpers.dylib
0x00007fff2a7b5000 	/usr/lib/libapple_nghttp2.dylib
0x00007fff2a509000 	/usr/lib/system/libkxld.dylib
0x00007fff25f14000 	/usr/lib/libsqlite3.dylib
0x00007fff2a281000 	/System/Library/PrivateFrameworks/AppleFSCompression.framework/Versions/A/AppleFSCompression
0x00007fff29d2d000 	/usr/lib/libcoretls.dylib
0x00007fff2a7e2000 	/usr/lib/libpam.2.dylib
0x00007fff2ad07000 	/usr/lib/libxar.1.dylib
0x00007fff2901e000 	/System/Library/PrivateFrameworks/AppleSystemInfo.framework/Versions/A/AppleSystemInfo
0x00007fff29970000 	/System/Library/PrivateFrameworks/IOMobileFramebuffer.framework/Versions/A/IOMobileFramebuffer
0x00007fff2a291000 	/usr/lib/libbz2.1.0.dylib
0x00007fff2a5ae000 	/usr/lib/libiconv.2.dylib
0x00007fff2a502000 	/usr/lib/libcharset.1.dylib
0x00007fff2717a000 	/System/Library/Frameworks/CoreServices.framework/Versions/A/Frameworks/FSEvents.framework/Versions/A/FSEvents
0x00007fff227e0000 	/System/Library/Frameworks/CoreServices.framework/Versions/A/Frameworks/CarbonCore.framework/Versions/A/CarbonCore
0x00007fff264b7000 	/System/Library/Frameworks/CoreServices.framework/Versions/A/Frameworks/Metadata.framework/Versions/A/Metadata
0x00007fff2a2a4000 	/System/Library/Frameworks/CoreServices.framework/Versions/A/Frameworks/OSServices.framework/Versions/A/OSServices
0x00007fff2a723000 	/System/Library/Frameworks/CoreServices.framework/Versions/A/Frameworks/SearchKit.framework/Versions/A/SearchKit
0x00007fff26238000 	/System/Library/Frameworks/CoreServices.framework/Versions/A/Frameworks/AE.framework/Versions/A/AE
0x00007fff20886000 	/System/Library/Frameworks/CoreServices.framework/Versions/A/Frameworks/LaunchServices.framework/Versions/A/LaunchServices
0x00007fff2aba3000 	/System/Library/Frameworks/CoreServices.framework/Versions/A/Frameworks/DictionaryServices.framework/Versions/A/DictionaryServices
0x00007fff27183000 	/System/Library/Frameworks/CoreServices.framework/Versions/A/Frameworks/SharedFileList.framework/Versions/A/SharedFileList
0x00007fff29d21000 	/usr/lib/libCheckFix.dylib
0x00007fff24bce000 	/System/Library/PrivateFrameworks/TCC.framework/Versions/A/TCC
0x00007fff29024000 	/System/Library/PrivateFrameworks/CoreNLP.framework/Versions/A/CoreNLP
0x00007fff2646a000 	/System/Library/PrivateFrameworks/MetadataUtilities.framework/Versions/A/MetadataUtilities
0x00007fff20f5f000 	/usr/lib/libmecabra.dylib
0x00007fff2a034000 	/System/Library/Frameworks/MLCompute.framework/Versions/A/MLCompute
0x00007fff29d56000 	/usr/lib/libmecab.dylib
0x00007fff29da0000 	/usr/lib/libgermantok.dylib
0x00007fff2a78b000 	/usr/lib/libThaiTokenizer.dylib
0x00007fff2ad42000 	/usr/lib/libChineseTokenizer.dylib
0x00007fff2a7e0000 	/System/Library/Frameworks/MetalPerformanceShaders.framework/Versions/A/MetalPerformanceShaders
0x00007fff26559000 	/System/Library/Frameworks/Accelerate.framework/Versions/A/Frameworks/vImage.framework/Versions/A/vImage
0x00007fff2ff2a000 	/System/Library/Frameworks/Accelerate.framework/Versions/A/Frameworks/vecLib.framework/Versions/A/vecLib
0x00007fff2ad4d000 	/System/Library/Frameworks/Accelerate.framework/Versions/A/Frameworks/vecLib.framework/Versions/A/libvMisc.dylib
0x00007fff29789000 	/System/Library/Frameworks/Accelerate.framework/Versions/A/Frameworks/vecLib.framework/Versions/A/libvDSP.dylib
0x00007fff20b8a000 	/System/Library/Frameworks/Accelerate.framework/Versions/A/Frameworks/vecLib.framework/Versions/A/libBLAS.dylib
0x00007fff2a806000 	/System/Library/Frameworks/Accelerate.framework/Versions/A/Frameworks/vecLib.framework/Versions/A/libLAPACK.dylib
0x00007fff29da6000 	/System/Library/Frameworks/Accelerate.framework/Versions/A/Frameworks/vecLib.framework/Versions/A/libLinearAlgebra.dylib
0x00007fff2a7cd000 	/System/Library/Frameworks/Accelerate.framework/Versions/A/Frameworks/vecLib.framework/Versions/A/libSparseBLAS.dylib
0x00007fff2a800000 	/System/Library/Frameworks/Accelerate.framework/Versions/A/Frameworks/vecLib.framework/Versions/A/libQuadrature.dylib
0x00007fff290cc000 	/System/Library/Frameworks/Accelerate.framework/Versions/A/Frameworks/vecLib.framework/Versions/A/libBNNS.dylib
0x00007fff20e3c000 	/System/Library/Frameworks/Accelerate.framework/Versions/A/Frameworks/vecLib.framework/Versions/A/libSparse.dylib
0x00007fff28fb7000 	/System/Library/Frameworks/MetalPerformanceShaders.framework/Versions/A/Frameworks/MPSCore.framework/Versions/A/MPSCore
0x00007fff2a1f0000 	/System/Library/Frameworks/MetalPerformanceShaders.framework/Versions/A/Frameworks/MPSImage.framework/Versions/A/MPSImage
0x00007fff29dbc000 	/System/Library/Frameworks/MetalPerformanceShaders.framework/Versions/A/Frameworks/MPSNeuralNetwork.framework/Versions/A/MPSNeuralNetwork
0x00007fff2a17b000 	/System/Library/Frameworks/MetalPerformanceShaders.framework/Versions/A/Frameworks/MPSMatrix.framework/Versions/A/MPSMatrix
0x00007fff29fe4000 	/System/Library/Frameworks/MetalPerformanceShaders.framework/Versions/A/Frameworks/MPSRayIntersector.framework/Versions/A/MPSRayIntersector
0x00007fff2a1b2000 	/System/Library/Frameworks/MetalPerformanceShaders.framework/Versions/A/Frameworks/MPSNDArray.framework/Versions/A/MPSNDArray
0x00007fff20ab6000 	/System/Library/PrivateFrameworks/MetalTools.framework/Versions/A/MetalTools
0x00007fff2901c000 	/System/Library/PrivateFrameworks/AggregateDictionary.framework/Versions/A/AggregateDictionary
0x00007fff26442000 	/System/Library/PrivateFrameworks/CoreAnalytics.framework/Versions/A/CoreAnalytics
0x00007fff2a78d000 	/System/Library/PrivateFrameworks/AppleSauce.framework/Versions/A/AppleSauce
0x00007fff2832a000 	/System/Library/PrivateFrameworks/IOAccelerator.framework/Versions/A/IOAccelerator
0x00007fff6c842000 	/System/Library/Frameworks/OpenGL.framework/Versions/A/Libraries/libCoreFSCache.dylib
0x00007fff214fb000 	/System/Library/PrivateFrameworks/LanguageModeling.framework/Versions/A/LanguageModeling
0x00007fff2995d000 	/System/Library/PrivateFrameworks/CoreEmoji.framework/Versions/A/CoreEmoji
0x00007fff290c5000 	/System/Library/PrivateFrameworks/LinguisticData.framework/Versions/A/LinguisticData
0x00007fff20dee000 	/System/Library/PrivateFrameworks/Lexicon.framework/Versions/A/Lexicon
0x00007fff2a69f000 	/usr/lib/libcmph.dylib
0x00007fff2715a000 	/System/Library/Frameworks/OpenDirectory.framework/Versions/A/Frameworks/CFOpenDirectory.framework/Versions/A/CFOpenDirectory
0x00007fff2714a000 	/System/Library/Frameworks/OpenDirectory.framework/Versions/A/OpenDirectory
0x00007fff2ac0d000 	/System/Library/PrivateFrameworks/APFS.framework/Versions/A/APFS
0x00007fff29c82000 	/System/Library/Frameworks/SecurityFoundation.framework/Versions/A/SecurityFoundation
0x00007fff2ad15000 	/usr/lib/libutil.dylib
0x00007fff22b07000 	/System/Library/PrivateFrameworks/CoreServicesStore.framework/Versions/A/CoreServicesStore
0x00007fff29d19000 	/System/Library/Frameworks/ServiceManagement.framework/Versions/A/ServiceManagement
0x00007fff2ad19000 	/usr/lib/libxslt.1.dylib
0x00007fff29d0f000 	/System/Library/PrivateFrameworks/BackgroundTaskManagement.framework/Versions/A/BackgroundTaskManagement
0x00007fff2bd0a000 	/System/Library/Frameworks/ImageIO.framework/Versions/A/Resources/libRadiance.dylib
0x00007fff2bd14000 	/System/Library/Frameworks/ImageIO.framework/Versions/A/Resources/libJPEG.dylib
0x00007fff2bc63000 	/System/Library/Frameworks/ImageIO.framework/Versions/A/Resources/libPng.dylib
0x00007fff2bc8a000 	/System/Library/Frameworks/ImageIO.framework/Versions/A/Resources/libTIFF.dylib
0x00007fff2bd69000 	/System/Library/Frameworks/ImageIO.framework/Versions/A/Resources/libGIF.dylib
0x00007fff2b9c6000 	/System/Library/Frameworks/ImageIO.framework/Versions/A/Resources/libJP2.dylib
0x00007fff2b0b0000 	/usr/lib/libexpat.1.dylib
0x00007fff2b97b000 	/System/Library/PrivateFrameworks/AppleJPEG.framework/Versions/A/AppleJPEG
0x00007fff28560000 	/System/Library/PrivateFrameworks/FontServices.framework/libFontParser.dylib
0x00007fff261ec000 	/System/Library/PrivateFrameworks/RunningBoardServices.framework/Versions/A/RunningBoardServices
0x00007fff2baa5000 	/System/Library/PrivateFrameworks/WatchdogClient.framework/Versions/A/WatchdogClient
0x00007fff215e8000 	/System/Library/Frameworks/CoreDisplay.framework/Versions/A/CoreDisplay
0x00007fff28476000 	/System/Library/Frameworks/CoreMedia.framework/Versions/A/CoreMedia
0x00007fff272d7000 	/System/Library/Frameworks/CoreVideo.framework/Versions/A/CoreVideo
0x00007fff2badd000 	/System/Library/Frameworks/VideoToolbox.framework/Versions/A/VideoToolbox
0x00007fff2616a000 	/System/Library/PrivateFrameworks/BaseBoard.framework/Versions/A/BaseBoard
0x00007fff2b1f5000 	/System/Library/PrivateFrameworks/PersistentConnection.framework/Versions/A/PersistentConnection
0x00007fff25efd000 	/System/Library/PrivateFrameworks/ProtocolBuffer.framework/Versions/A/ProtocolBuffer
0x00007fff26151000 	/System/Library/PrivateFrameworks/CommonUtilities.framework/Versions/A/CommonUtilities
0x00007fff2b910000 	/System/Library/PrivateFrameworks/Bom.framework/Versions/A/Bom
0x00007fff2bd03000 	/System/Library/PrivateFrameworks/GPUWrangler.framework/Versions/A/GPUWrangler
0x00007fff2bce8000 	/System/Library/PrivateFrameworks/IOPresentment.framework/Versions/A/IOPresentment
0x00007fff2bd0e000 	/System/Library/PrivateFrameworks/DSExternalDisplay.framework/Versions/A/DSExternalDisplay
0x00007fff2bd6e000 	/System/Library/PrivateFrameworks/CMCaptureCore.framework/Versions/A/CMCaptureCore
0x00007fff2b695000 	/System/Library/PrivateFrameworks/AppServerSupport.framework/Versions/A/AppServerSupport
0x00007fff2d741000 	/System/Library/PrivateFrameworks/perfdata.framework/Versions/A/perfdata
0x00007fff29c71000 	/System/Library/PrivateFrameworks/AssertionServices.framework/Versions/A/AssertionServices
0x00007fff2171f000 	/System/Library/PrivateFrameworks/AudioToolboxCore.framework/Versions/A/AudioToolboxCore
0x00007fff28459000 	/System/Library/PrivateFrameworks/caulk.framework/Versions/A/caulk
0x00007fff3d3ce000 	/System/Library/PrivateFrameworks/SystemPolicy.framework/Versions/A/SystemPolicy
0x00007fff2aea5000 	/usr/lib/libIOReport.dylib
0x00007fff2cf63000 	/usr/lib/libSMC.dylib
0x00007fff2bc30000 	/usr/lib/libAudioToolboxUtility.dylib
0x00007fff3dd38000 	/usr/lib/libmis.dylib
0x00007fff6c89e000 	/System/Library/Frameworks/OpenGL.framework/Versions/A/Libraries/libGLU.dylib
0x00007fff6c861000 	/System/Library/Frameworks/OpenGL.framework/Versions/A/Libraries/libGFXShared.dylib
0x00007fff6ca70000 	/System/Library/Frameworks/OpenGL.framework/Versions/A/Libraries/libGL.dylib
0x00007fff6c86a000 	/System/Library/Frameworks/OpenGL.framework/Versions/A/Libraries/libGLImage.dylib
0x00007fff6c85e000 	/System/Library/Frameworks/OpenGL.framework/Versions/A/Libraries/libCVMSPluginSupport.dylib
0x00007fff6c849000 	/System/Library/Frameworks/OpenGL.framework/Versions/A/Libraries/libCoreVMClient.dylib
0x00007fff6deb1000 	/System/Library/Frameworks/OpenCL.framework/Versions/A/OpenCL
0x00007fff2b21f000 	/System/Library/PrivateFrameworks/GraphVisualizer.framework/Versions/A/GraphVisualizer
0x00007fff2b22e000 	/System/Library/PrivateFrameworks/FaceCore.framework/Versions/A/FaceCore
0x00007fff2b64a000 	/System/Library/PrivateFrameworks/OTSVG.framework/Versions/A/OTSVG
0x00007fff26ece000 	/System/Library/Frameworks/ApplicationServices.framework/Versions/A/Frameworks/ATS.framework/Versions/A/Resources/libFontRegistry.dylib
0x00007fff2b69c000 	/System/Library/PrivateFrameworks/FontServices.framework/libhvf.dylib
0x00007fff2b05c000 	/System/Library/PrivateFrameworks/AppleVA.framework/Versions/A/AppleVA
0x00007fff2cdac000 	/System/Library/Frameworks/ApplicationServices.framework/Versions/A/Frameworks/ATS.framework/Versions/A/ATS
0x00007fff2d0be000 	/System/Library/Frameworks/ApplicationServices.framework/Versions/A/Frameworks/ColorSyncLegacy.framework/Versions/A/ColorSyncLegacy
0x00007fff256d7000 	/System/Library/Frameworks/ApplicationServices.framework/Versions/A/Frameworks/HIServices.framework/Versions/A/HIServices
0x00007fff2d0a3000 	/System/Library/Frameworks/ApplicationServices.framework/Versions/A/Frameworks/LangAnalysis.framework/Versions/A/LangAnalysis
0x00007fff2bd78000 	/System/Library/Frameworks/ApplicationServices.framework/Versions/A/Frameworks/PrintCore.framework/Versions/A/PrintCore
0x00007fff2d0c6000 	/System/Library/Frameworks/ApplicationServices.framework/Versions/A/Frameworks/QD.framework/Versions/A/QD
0x00007fff2cd9c000 	/System/Library/Frameworks/ApplicationServices.framework/Versions/A/Frameworks/SpeechSynthesis.framework/Versions/A/SpeechSynthesis
0x00007fff2bd39000 	/System/Library/Frameworks/ApplicationServices.framework/Versions/A/Frameworks/ATSUI.framework/Versions/A/ATSUI
0x00007fff2d043000 	/usr/lib/libcups.2.dylib
0x00007fff2d0b3000 	/System/Library/PrivateFrameworks/NetAuth.framework/Versions/A/NetAuth
0x00007fff2d75d000 	/System/Library/Frameworks/Kerberos.framework/Versions/A/Kerberos
0x00007fff2d76d000 	/System/Library/Frameworks/GSS.framework/Versions/A/GSS
0x00007fff2ce18000 	/usr/lib/libresolv.9.dylib
0x00007fff2b6b1000 	/System/Library/PrivateFrameworks/Heimdal.framework/Versions/A/Heimdal
0x00007fff334e4000 	/System/Library/Frameworks/Kerberos.framework/Versions/A/Libraries/libHeimdalProxy.dylib
0x00007fff262bd000 	/System/Library/Frameworks/Network.framework/Versions/A/Network
0x00007fff2b0ca000 	/usr/lib/libheimdal-asn1.dylib
0x00007fff2d7bd000 	/System/Library/PrivateFrameworks/CommonAuth.framework/Versions/A/CommonAuth
0x00007fff27324000 	/System/Library/PrivateFrameworks/login.framework/Versions/A/Frameworks/loginsupport.framework/Versions/A/loginsupport
0x00007fff2cd21000 	/System/Library/PrivateFrameworks/AudioSession.framework/Versions/A/AudioSession
0x00007fff2cd89000 	/usr/lib/libAudioStatistics.dylib
0x00007fff2b157000 	/System/Library/PrivateFrameworks/MediaExperience.framework/Versions/A/MediaExperience
0x00007fff2cbbe000 	/System/Library/PrivateFrameworks/AudioSession.framework/libSessionUtility.dylib
0x00007fff2d74e000 	/usr/lib/libperfcheck.dylib
0x00007fff2d0d2000 	/System/Library/PrivateFrameworks/AudioResourceArbitration.framework/Versions/A/AudioResourceArbitration
0x00007fff2b0d4000 	/System/Library/PrivateFrameworks/IconFoundation.framework/Versions/A/IconFoundation
0x00007fff2fbf4000 	/System/Library/PrivateFrameworks/SpeechRecognitionCore.framework/Versions/A/SpeechRecognitionCore
0x0000000108800000 	/Library/Java/JavaVirtualMachines/adoptopenjdk-8.jdk/Contents/Home/jre/lib/server/libjvm.dylib
0x0000000104762000 	/Library/Java/JavaVirtualMachines/adoptopenjdk-8.jdk/Contents/Home/jre/lib/libverify.dylib
0x0000000104773000 	/Library/Java/JavaVirtualMachines/adoptopenjdk-8.jdk/Contents/Home/jre/lib/libjava.dylib
0x00000001047f0000 	/Library/Java/JavaVirtualMachines/adoptopenjdk-8.jdk/Contents/Home/jre/lib/libzip.dylib
0x000000010e7ac000 	/Library/Java/JavaVirtualMachines/adoptopenjdk-8.jdk/Contents/Home/jre/lib/libnio.dylib
0x000000010e7be000 	/Library/Java/JavaVirtualMachines/adoptopenjdk-8.jdk/Contents/Home/jre/lib/libnet.dylib
0x000000010e9ae000 	/Library/Java/JavaVirtualMachines/adoptopenjdk-8.jdk/Contents/Home/jre/lib/libmanagement.dylib
0x000000010efc3000 	/Library/Java/JavaVirtualMachines/adoptopenjdk-8.jdk/Contents/Home/jre/lib/libsunec.dylib

VM Arguments:
jvm_args: -Dfile.encoding=UTF-8 -Duser.country=GB -Duser.language=en -Duser.variant 
java_command: org.vaccineimpact.orderlyweb.app_start.SparkAppKt
java_class_path (initial): /Users/lekananifowoshe/Projects/Vimc/orderly-web/src/app/build/classes/java/main:/Users/lekananifowoshe/Projects/Vimc/orderly-web/src/app/build/classes/kotlin/main:/Users/lekananifowoshe/Projects/Vimc/orderly-web/src/app/build/resources/main:/Users/lekananifowoshe/Projects/Vimc/orderly-web/src/databaseInterface/build/libs/databaseInterface.jar:/Users/lekananifowoshe/.gradle/caches/modules-2/files-2.1/org.jetbrains.kotlin/kotlin-stdlib-jdk8/1.3.72/916d54b9eb6442b615e6f1488978f551c0674720/kotlin-stdlib-jdk8-1.3.72.jar:/Users/lekananifowoshe/.gradle/caches/modules-2/files-2.1/commons-io/commons-io/2.6/815893df5f31da2ece4040fe0a12fd44b577afaf/commons-io-2.6.jar:/Users/lekananifowoshe/.gradle/caches/modules-2/files-2.1/org.jetbrains.kotlin/kotlin-reflect/1.3.72/86613e1a669a701b0c660bfd2af4f82a7ae11fca/kotlin-reflect-1.3.72.jar:/Users/lekananifowoshe/.gradle/caches/modules-2/files-2.1/com.sparkjava/spark-template-freemarker/2.7.1/918e0063095a40a606dbf5f5c9917936b33b9686/spark-template-freemarker-2.7.1.jar:/Users/lekananifowoshe/.gradle/caches/modules-2/files-2.1/org.pac4j/spark-pac4j/3.0.0/49a300aff6f8a1b110af9dd5cb7679d92b90cd38/spark-pac4j-3.0.0.jar:/Users/lekananifowoshe/.gradle/caches/modules-2/files-2.1/com.sparkjava/spark-core/2.7.2/b832cca2704a96c027424efafec3fe39392f5aab/spark-core-2.7.2.jar:/Users/lekananifowoshe/.gradle/caches/modules-2/files-2.1/org.slf4j/slf4j-simple/1.7.21/be4b3c560a37e69b6c58278116740db28832232c/slf4j-simple-1.7.21.jar:/Users/lekananifowoshe/.gradle/caches/modules-2/files-2.1/com.github.salomonbrys.kotson/kotson/2.5.0/40daf22108aa4436d46257e14cc48447cca542c3/kotson-2.5.0.jar:/Users/lekananifowoshe/.gradle/caches/modules-2/files-2.1/org.eclipse.mylyn.github/org.eclipse.egit.github.core/2.1.5/e1c010e279ff0355a996f00b71512a8636e681d7/org.eclipse.egit.github.core-2.1.5.jar:/Users/lekananifowoshe/.gradle/caches/modules-2/files-2.1/com.google.code.gson/gson/2.8.0/c4ba5371a29ac9b2ad6129b1d39ea38750043eff/gson-2.8.0.jar:
Launcher Type: SUN_STANDARD

Environment Variables:
PATH=/usr/local/bin:/usr/bin:/bin:/usr/sbin:/sbin
SHELL=/bin/zsh

Signal Handlers:
SIGSEGV: [libjvm.dylib+0x595d31], sa_mask[0]=11111111011111110111111111111111, sa_flags=SA_ONSTACK|SA_RESTART|SA_SIGINFO
SIGBUS: [libjvm.dylib+0x595d31], sa_mask[0]=11111111011111110111111111111111, sa_flags=SA_RESTART|SA_SIGINFO
SIGFPE: [libjvm.dylib+0x48a2eb], sa_mask[0]=11111111011111110111111111111111, sa_flags=SA_RESTART|SA_SIGINFO
SIGPIPE: [libjvm.dylib+0x48a2eb], sa_mask[0]=11111111011111110111111111111111, sa_flags=SA_RESTART|SA_SIGINFO
SIGXFSZ: [libjvm.dylib+0x48a2eb], sa_mask[0]=11111111011111110111111111111111, sa_flags=SA_RESTART|SA_SIGINFO
SIGILL: [libjvm.dylib+0x48a2eb], sa_mask[0]=11111111011111110111111111111111, sa_flags=SA_RESTART|SA_SIGINFO
SIGUSR1: SIG_DFL, sa_mask[0]=00000000000000000000000000000000, sa_flags=SA_RESTART
SIGUSR2: [libjvm.dylib+0x48abe2], sa_mask[0]=00100000000000000000000000000000, sa_flags=SA_RESTART|SA_SIGINFO
SIGHUP: [libjvm.dylib+0x488de1], sa_mask[0]=11111111011111110111111111111111, sa_flags=SA_RESTART|SA_SIGINFO
SIGINT: [libjvm.dylib+0x488de1], sa_mask[0]=11111111011111110111111111111111, sa_flags=SA_RESTART|SA_SIGINFO
SIGTERM: [libjvm.dylib+0x488de1], sa_mask[0]=11111111011111110111111111111111, sa_flags=SA_RESTART|SA_SIGINFO
SIGQUIT: [libjvm.dylib+0x488de1], sa_mask[0]=11111111011111110111111111111111, sa_flags=SA_RESTART|SA_SIGINFO


---------------  S Y S T E M  ---------------

OS:Bsduname:Darwin 20.2.0 Darwin Kernel Version 20.2.0: Wed Dec  2 20:39:59 PST 2020; root:xnu-7195.60.75~1/RELEASE_X86_64 x86_64
rlimit: STACK 8192k, CORE 0k, NPROC 5568, NOFILE 10240, AS infinity
load average:4.70 3.93 3.67

CPU:total 8 (initial active 8) (4 cores per cpu, 2 threads per core) family 6 model 126 stepping 5, cmov, cx8, fxsr, mmx, sse, sse2, sse3, ssse3, sse4.1, sse4.2, popcnt, avx, avx2, aes, clmul, erms, 3dnowpref, lzcnt, ht, tsc, tscinvbit, bmi1, bmi2, adx

Memory: 4k page, physical 33554432k(52340k free)

/proc/meminfo:


vm_info: OpenJDK 64-Bit Server VM (25.265-b01) for bsd-amd64 JRE (1.8.0_265-b01), built on Jul 28 2020 16:14:07 by "jenkins" with gcc 4.2.1 Compatible Apple LLVM 10.0.1 (clang-1001.0.46.4)

time: Tue Feb  9 16:23:58 2021
timezone: GMT
elapsed time: 1614 seconds (0d 0h 26m 54s)

